-------------------------------------------------------------------------------
Test set: evosuite.AbstractSort_ESTest
-------------------------------------------------------------------------------
Tests run: 7, Failures: 6, Errors: 0, Skipped: 0, Time elapsed: 0.001 sec <<< FAILURE!
evosuite.AbstractSort_ESTest.test0()  Time elapsed: 0 sec  <<< FAILURE!
java.lang.NoClassDefFoundError: evosuite/AbstractSort
	at evosuite.AbstractSort_ESTest.test0(AbstractSort_ESTest.java:34)
Caused by: java.lang.ClassNotFoundException: evosuite.AbstractSort
	at java.net.URLClassLoader$1.run(URLClassLoader.java:372)
	at java.net.URLClassLoader$1.run(URLClassLoader.java:361)
	at java.security.AccessController.doPrivileged(Native Method)
	at java.net.URLClassLoader.findClass(URLClassLoader.java:360)
	at java.lang.ClassLoader.loadClass(ClassLoader.java:424)
	at sun.misc.Launcher$AppClassLoader.loadClass(Launcher.java:308)
	at java.lang.ClassLoader.loadClass(ClassLoader.java:357)
	... 19 more
evosuite.AbstractSort_ESTest.test1()  Time elapsed: 0 sec  <<< FAILURE!
java.lang.NoClassDefFoundError: evosuite/AbstractSort
	at evosuite.AbstractSort_ESTest.test1(AbstractSort_ESTest.java:55)
evosuite.AbstractSort_ESTest.test2()  Time elapsed: 0 sec  <<< FAILURE!
java.lang.NoClassDefFoundError: evosuite/AbstractSort
	at evosuite.AbstractSort_ESTest.test2(AbstractSort_ESTest.java:77)
evosuite.AbstractSort_ESTest.test3()  Time elapsed: 0 sec  <<< FAILURE!
java.lang.NoClassDefFoundError: evosuite/AbstractSort
	at evosuite.AbstractSort_ESTest.test3(AbstractSort_ESTest.java:92)
evosuite.AbstractSort_ESTest.test4()  Time elapsed: 0 sec  <<< FAILURE!
java.lang.NoClassDefFoundError: evosuite/AbstractSort
	at evosuite.AbstractSort_ESTest.test4(AbstractSort_ESTest.java:111)
evosuite.AbstractSort_ESTest.test5()  Time elapsed: 0 sec  <<< FAILURE!
java.lang.NoClassDefFoundError: evosuite/AbstractSort
	at evosuite.AbstractSort_ESTest.test5(AbstractSort_ESTest.java:132)
