<?xml version="1.0" encoding="UTF-8" ?>
<testsuite tests="7" failures="6" name="evosuite.AbstractSort_ESTest" time="0" errors="0" skipped="0">
  <properties>
[...]
</properties>
  <testcase classname="evosuite.AbstractSort_ESTest" name="evosuite.AbstractSort_ESTest.test0" time="0">
    <failure message="evosuite/AbstractSort" type="java.lang.NoClassDefFoundError">java.lang.NoClassDefFoundError: evosuite/AbstractSort
	at evosuite.AbstractSort_ESTest.test0(AbstractSort_ESTest.java:34)
Caused by: java.lang.ClassNotFoundException: evosuite.AbstractSort
	at java.net.URLClassLoader$1.run(URLClassLoader.java:372)
	at java.net.URLClassLoader$1.run(URLClassLoader.java:361)
	at java.security.AccessController.doPrivileged(Native Method)
	at java.net.URLClassLoader.findClass(URLClassLoader.java:360)
	at java.lang.ClassLoader.loadClass(ClassLoader.java:424)
	at sun.misc.Launcher$AppClassLoader.loadClass(Launcher.java:308)
	at java.lang.ClassLoader.loadClass(ClassLoader.java:357)
	... 19 more
</failure>
  </testcase>
  <testcase classname="evosuite.AbstractSort_ESTest" name="evosuite.AbstractSort_ESTest.test1" time="0">
    <failure message="evosuite/AbstractSort" type="java.lang.NoClassDefFoundError">java.lang.NoClassDefFoundError: evosuite/AbstractSort
	at evosuite.AbstractSort_ESTest.test1(AbstractSort_ESTest.java:55)
</failure>
  </testcase>
  <testcase classname="evosuite.AbstractSort_ESTest" name="evosuite.AbstractSort_ESTest.test2" time="0">
    <failure message="evosuite/AbstractSort" type="java.lang.NoClassDefFoundError">java.lang.NoClassDefFoundError: evosuite/AbstractSort
	at evosuite.AbstractSort_ESTest.test2(AbstractSort_ESTest.java:77)
</failure>
  </testcase>
  <testcase classname="evosuite.AbstractSort_ESTest" name="evosuite.AbstractSort_ESTest.test3" time="0">
    <failure message="evosuite/AbstractSort" type="java.lang.NoClassDefFoundError">java.lang.NoClassDefFoundError: evosuite/AbstractSort
	at evosuite.AbstractSort_ESTest.test3(AbstractSort_ESTest.java:92)
</failure>
  </testcase>
  <testcase classname="evosuite.AbstractSort_ESTest" name="evosuite.AbstractSort_ESTest.test4" time="0">
    <failure message="evosuite/AbstractSort" type="java.lang.NoClassDefFoundError">java.lang.NoClassDefFoundError: evosuite/AbstractSort
	at evosuite.AbstractSort_ESTest.test4(AbstractSort_ESTest.java:111)
</failure>
  </testcase>
  <testcase classname="evosuite.AbstractSort_ESTest" name="evosuite.AbstractSort_ESTest.test5" time="0">
    <failure message="evosuite/AbstractSort" type="java.lang.NoClassDefFoundError">java.lang.NoClassDefFoundError: evosuite/AbstractSort
	at evosuite.AbstractSort_ESTest.test5(AbstractSort_ESTest.java:132)
</failure>
  </testcase>
  <testcase classname="evosuite.AbstractSort_ESTest" name="evosuite.AbstractSort_ESTest.test6" time="0"/>
</testsuite>